[0.043s] DEBUG:colcon:Command line arguments: ['/usr/bin/colcon', 'build']
[0.043s] DEBUG:colcon:Parsed command line arguments: Namespace(log_base=None, log_level=None, verb_name='build', build_base='build', install_base='install', merge_install=False, symlink_install=False, test_result_base=None, continue_on_error=False, executor='parallel', parallel_workers=32, event_handlers=None, ignore_user_meta=False, metas=['./colcon.meta'], base_paths=['.'], packages_ignore=None, packages_ignore_regex=None, paths=None, packages_up_to=None, packages_up_to_regex=None, packages_above=None, packages_above_and_dependencies=None, packages_above_depth=None, packages_select_by_dep=None, packages_skip_by_dep=None, packages_skip_up_to=None, packages_select_build_failed=False, packages_skip_build_finished=False, packages_select_test_failures=False, packages_skip_test_passed=False, packages_select=None, packages_skip=None, packages_select_regex=None, packages_skip_regex=None, packages_start=None, packages_end=None, allow_overriding=[], cmake_args=None, cmake_target=None, cmake_target_skip_unavailable=False, cmake_clean_cache=False, cmake_clean_first=False, cmake_force_configure=False, ament_cmake_args=None, catkin_cmake_args=None, catkin_skip_building_tests=False, verb_parser=<colcon_defaults.argument_parser.defaults.DefaultArgumentsDecorator object at 0x7f1d38f37040>, verb_extension=<colcon_core.verb.build.BuildVerb object at 0x7f1d38f36a40>, main=<bound method BuildVerb.main of <colcon_core.verb.build.BuildVerb object at 0x7f1d38f36a40>>)
[0.106s] Level 1:colcon.colcon_core.package_discovery:discover_packages(colcon_meta) check parameters
[0.106s] Level 1:colcon.colcon_core.package_discovery:discover_packages(recursive) check parameters
[0.106s] Level 1:colcon.colcon_core.package_discovery:discover_packages(ignore) check parameters
[0.106s] Level 1:colcon.colcon_core.package_discovery:discover_packages(path) check parameters
[0.106s] Level 1:colcon.colcon_core.package_discovery:discover_packages(colcon_meta) discover
[0.106s] Level 1:colcon.colcon_core.package_discovery:discover_packages(recursive) discover
[0.106s] INFO:colcon.colcon_core.package_discovery:Crawling recursively for packages in '/home/lx/catkin_ws/d435_slam_ros2'
[0.106s] Level 1:colcon.colcon_core.package_identification:_identify(.) by extensions ['ignore', 'ignore_ament_install']
[0.106s] Level 1:colcon.colcon_core.package_identification:_identify(.) by extension 'ignore'
[0.106s] Level 1:colcon.colcon_core.package_identification:_identify(.) by extension 'ignore_ament_install'
[0.106s] Level 1:colcon.colcon_core.package_identification:_identify(.) by extensions ['colcon_pkg']
[0.106s] Level 1:colcon.colcon_core.package_identification:_identify(.) by extension 'colcon_pkg'
[0.106s] Level 1:colcon.colcon_core.package_identification:_identify(.) by extensions ['colcon_meta']
[0.106s] Level 1:colcon.colcon_core.package_identification:_identify(.) by extension 'colcon_meta'
[0.106s] Level 1:colcon.colcon_core.package_identification:_identify(.) by extensions ['ros']
[0.106s] Level 1:colcon.colcon_core.package_identification:_identify(.) by extension 'ros'
[0.112s] DEBUG:colcon.colcon_core.package_identification:Package '.' with type 'ros.ament_cmake' and name 'd435_slam_ros2'
[0.112s] Level 1:colcon.colcon_core.package_discovery:discover_packages(recursive) using defaults
[0.112s] Level 1:colcon.colcon_core.package_discovery:discover_packages(ignore) discover
[0.112s] Level 1:colcon.colcon_core.package_discovery:discover_packages(ignore) using defaults
[0.112s] Level 1:colcon.colcon_core.package_discovery:discover_packages(path) discover
[0.112s] Level 1:colcon.colcon_core.package_discovery:discover_packages(path) using defaults
[0.121s] Level 1:colcon.colcon_core.package_discovery:discover_packages(prefix_path) check parameters
[0.121s] Level 1:colcon.colcon_core.package_discovery:discover_packages(prefix_path) discover
[0.122s] DEBUG:colcon.colcon_installed_package_information.package_discovery:Found 1 installed packages in /home/lx/catkin_ws/d435_slam_ros2/install
[0.122s] DEBUG:colcon.colcon_installed_package_information.package_discovery:Found 272 installed packages in /opt/ros/humble
[0.123s] Level 1:colcon.colcon_core.package_discovery:discover_packages(prefix_path) using defaults
[0.142s] Level 5:colcon.colcon_core.verb:set package 'd435_slam_ros2' build argument 'cmake_args' from command line to 'None'
[0.142s] Level 5:colcon.colcon_core.verb:set package 'd435_slam_ros2' build argument 'cmake_target' from command line to 'None'
[0.142s] Level 5:colcon.colcon_core.verb:set package 'd435_slam_ros2' build argument 'cmake_target_skip_unavailable' from command line to 'False'
[0.142s] Level 5:colcon.colcon_core.verb:set package 'd435_slam_ros2' build argument 'cmake_clean_cache' from command line to 'False'
[0.142s] Level 5:colcon.colcon_core.verb:set package 'd435_slam_ros2' build argument 'cmake_clean_first' from command line to 'False'
[0.142s] Level 5:colcon.colcon_core.verb:set package 'd435_slam_ros2' build argument 'cmake_force_configure' from command line to 'False'
[0.142s] Level 5:colcon.colcon_core.verb:set package 'd435_slam_ros2' build argument 'ament_cmake_args' from command line to 'None'
[0.142s] Level 5:colcon.colcon_core.verb:set package 'd435_slam_ros2' build argument 'catkin_cmake_args' from command line to 'None'
[0.142s] Level 5:colcon.colcon_core.verb:set package 'd435_slam_ros2' build argument 'catkin_skip_building_tests' from command line to 'False'
[0.142s] DEBUG:colcon.colcon_core.verb:Building package 'd435_slam_ros2' with the following arguments: {'ament_cmake_args': None, 'build_base': '/home/lx/catkin_ws/d435_slam_ros2/build/d435_slam_ros2', 'catkin_cmake_args': None, 'catkin_skip_building_tests': False, 'cmake_args': None, 'cmake_clean_cache': False, 'cmake_clean_first': False, 'cmake_force_configure': False, 'cmake_target': None, 'cmake_target_skip_unavailable': False, 'install_base': '/home/lx/catkin_ws/d435_slam_ros2/install/d435_slam_ros2', 'merge_install': False, 'path': '/home/lx/catkin_ws/d435_slam_ros2', 'symlink_install': False, 'test_result_base': None}
[0.142s] INFO:colcon.colcon_core.executor:Executing jobs using 'parallel' executor
[0.143s] DEBUG:colcon.colcon_parallel_executor.executor.parallel:run_until_complete
[0.143s] INFO:colcon.colcon_ros.task.ament_cmake.build:Building ROS package in '/home/lx/catkin_ws/d435_slam_ros2' with build type 'ament_cmake'
[0.143s] INFO:colcon.colcon_cmake.task.cmake.build:Building CMake package in '/home/lx/catkin_ws/d435_slam_ros2'
[0.144s] INFO:colcon.colcon_core.plugin_system:Skipping extension 'colcon_core.shell.bat': Not used on non-Windows systems
[0.144s] INFO:colcon.colcon_core.shell:Skip shell extension 'powershell' for command environment: Not usable outside of PowerShell
[0.144s] DEBUG:colcon.colcon_core.shell:Skip shell extension 'dsv' for command environment
[0.148s] DEBUG:colcon.colcon_core.event_handler.log_command:Invoking command in '/home/lx/catkin_ws/d435_slam_ros2/build/d435_slam_ros2': CMAKE_PREFIX_PATH=${CMAKE_PREFIX_PATH}:/opt/ros/humble /usr/bin/cmake --build /home/lx/catkin_ws/d435_slam_ros2/build/d435_slam_ros2 -- -j32 -l32
[60.239s] DEBUG:colcon.colcon_core.event_handler.log_command:Invoked command in '/home/lx/catkin_ws/d435_slam_ros2/build/d435_slam_ros2' returned '2': CMAKE_PREFIX_PATH=${CMAKE_PREFIX_PATH}:/opt/ros/humble /usr/bin/cmake --build /home/lx/catkin_ws/d435_slam_ros2/build/d435_slam_ros2 -- -j32 -l32
[60.240s] Level 1:colcon.colcon_core.environment:create_environment_scripts_only(d435_slam_ros2)
[60.241s] Level 1:colcon.colcon_core.environment:checking '/home/lx/catkin_ws/d435_slam_ros2/install/d435_slam_ros2' for CMake module files
[60.241s] Level 1:colcon.colcon_core.environment:checking '/home/lx/catkin_ws/d435_slam_ros2/install/d435_slam_ros2' for CMake config files
[60.241s] Level 1:colcon.colcon_core.shell:create_environment_hook('d435_slam_ros2', 'cmake_prefix_path')
[60.241s] INFO:colcon.colcon_core.shell:Creating environment hook '/home/lx/catkin_ws/d435_slam_ros2/install/d435_slam_ros2/share/d435_slam_ros2/hook/cmake_prefix_path.ps1'
[60.241s] INFO:colcon.colcon_core.shell:Creating environment descriptor '/home/lx/catkin_ws/d435_slam_ros2/install/d435_slam_ros2/share/d435_slam_ros2/hook/cmake_prefix_path.dsv'
[60.242s] INFO:colcon.colcon_core.shell:Creating environment hook '/home/lx/catkin_ws/d435_slam_ros2/install/d435_slam_ros2/share/d435_slam_ros2/hook/cmake_prefix_path.sh'
[60.242s] Level 1:colcon.colcon_core.environment:checking '/home/lx/catkin_ws/d435_slam_ros2/install/d435_slam_ros2/lib'
[60.242s] Level 1:colcon.colcon_core.shell:create_environment_hook('d435_slam_ros2', 'ld_library_path_lib')
[60.242s] INFO:colcon.colcon_core.shell:Creating environment hook '/home/lx/catkin_ws/d435_slam_ros2/install/d435_slam_ros2/share/d435_slam_ros2/hook/ld_library_path_lib.ps1'
[60.242s] INFO:colcon.colcon_core.shell:Creating environment descriptor '/home/lx/catkin_ws/d435_slam_ros2/install/d435_slam_ros2/share/d435_slam_ros2/hook/ld_library_path_lib.dsv'
[60.242s] INFO:colcon.colcon_core.shell:Creating environment hook '/home/lx/catkin_ws/d435_slam_ros2/install/d435_slam_ros2/share/d435_slam_ros2/hook/ld_library_path_lib.sh'
[60.242s] Level 1:colcon.colcon_core.environment:checking '/home/lx/catkin_ws/d435_slam_ros2/install/d435_slam_ros2/bin'
[60.243s] Level 1:colcon.colcon_core.environment:checking '/home/lx/catkin_ws/d435_slam_ros2/install/d435_slam_ros2/lib/pkgconfig/d435_slam_ros2.pc'
[60.243s] Level 1:colcon.colcon_core.environment:checking '/home/lx/catkin_ws/d435_slam_ros2/install/d435_slam_ros2/lib/python3.10/site-packages'
[60.243s] Level 1:colcon.colcon_core.environment:checking '/home/lx/catkin_ws/d435_slam_ros2/install/d435_slam_ros2/bin'
[60.243s] INFO:colcon.colcon_core.shell:Creating package script '/home/lx/catkin_ws/d435_slam_ros2/install/d435_slam_ros2/share/d435_slam_ros2/package.ps1'
[60.243s] INFO:colcon.colcon_core.shell:Creating package descriptor '/home/lx/catkin_ws/d435_slam_ros2/install/d435_slam_ros2/share/d435_slam_ros2/package.dsv'
[60.244s] INFO:colcon.colcon_core.shell:Creating package script '/home/lx/catkin_ws/d435_slam_ros2/install/d435_slam_ros2/share/d435_slam_ros2/package.sh'
[60.244s] INFO:colcon.colcon_core.shell:Creating package script '/home/lx/catkin_ws/d435_slam_ros2/install/d435_slam_ros2/share/d435_slam_ros2/package.bash'
[60.244s] INFO:colcon.colcon_core.shell:Creating package script '/home/lx/catkin_ws/d435_slam_ros2/install/d435_slam_ros2/share/d435_slam_ros2/package.zsh'
[60.245s] Level 1:colcon.colcon_core.environment:create_file_with_runtime_dependencies(/home/lx/catkin_ws/d435_slam_ros2/install/d435_slam_ros2/share/colcon-core/packages/d435_slam_ros2)
[60.255s] DEBUG:colcon.colcon_parallel_executor.executor.parallel:closing loop
[60.255s] DEBUG:colcon.colcon_parallel_executor.executor.parallel:loop closed
[60.255s] DEBUG:colcon.colcon_parallel_executor.executor.parallel:run_until_complete finished with '2'
[60.255s] DEBUG:colcon.colcon_core.event_reactor:joining thread
[60.273s] INFO:colcon.colcon_core.plugin_system:Skipping extension 'colcon_notification.desktop_notification.terminal_notifier': Not used on non-Darwin systems
[60.273s] INFO:colcon.colcon_core.plugin_system:Skipping extension 'colcon_notification.desktop_notification.win32': Not used on non-Windows systems
[60.273s] INFO:colcon.colcon_notification.desktop_notification:Sending desktop notification using 'notify2'
[60.287s] DEBUG:colcon.colcon_core.event_reactor:joined thread
[60.287s] INFO:colcon.colcon_core.shell:Creating prefix script '/home/lx/catkin_ws/d435_slam_ros2/install/local_setup.ps1'
[60.288s] INFO:colcon.colcon_core.shell:Creating prefix util module '/home/lx/catkin_ws/d435_slam_ros2/install/_local_setup_util_ps1.py'
[60.289s] INFO:colcon.colcon_core.shell:Creating prefix chain script '/home/lx/catkin_ws/d435_slam_ros2/install/setup.ps1'
[60.290s] INFO:colcon.colcon_core.shell:Creating prefix script '/home/lx/catkin_ws/d435_slam_ros2/install/local_setup.sh'
[60.291s] INFO:colcon.colcon_core.shell:Creating prefix util module '/home/lx/catkin_ws/d435_slam_ros2/install/_local_setup_util_sh.py'
[60.291s] INFO:colcon.colcon_core.shell:Creating prefix chain script '/home/lx/catkin_ws/d435_slam_ros2/install/setup.sh'
[60.292s] INFO:colcon.colcon_core.shell:Creating prefix script '/home/lx/catkin_ws/d435_slam_ros2/install/local_setup.bash'
[60.292s] INFO:colcon.colcon_core.shell:Creating prefix chain script '/home/lx/catkin_ws/d435_slam_ros2/install/setup.bash'
[60.293s] INFO:colcon.colcon_core.shell:Creating prefix script '/home/lx/catkin_ws/d435_slam_ros2/install/local_setup.zsh'
[60.293s] INFO:colcon.colcon_core.shell:Creating prefix chain script '/home/lx/catkin_ws/d435_slam_ros2/install/setup.zsh'
