-- Using flag -std=c++17.
-- Found OpenGL: /usr/lib/x86_64-linux-gnu/libOpenGL.so  found components: OpenGL 
-- Found OpenGL: /usr/lib/x86_64-linux-gnu/libOpenGL.so   
-- Found ament_cmake: 1.3.12 (/opt/ros/humble/share/ament_cmake/cmake)
-- Found rclcpp: 16.0.15 (/opt/ros/humble/share/rclcpp/cmake)
-- Found rosidl_generator_c: 3.1.7 (/opt/ros/humble/share/rosidl_generator_c/cmake)
-- Found rosidl_adapter: 3.1.7 (/opt/ros/humble/share/rosidl_adapter/cmake)
-- Found rosidl_generator_cpp: 3.1.7 (/opt/ros/humble/share/rosidl_generator_cpp/cmake)
-- Using all available rosidl_typesupport_c: rosidl_typesupport_fastrtps_c;rosidl_typesupport_introspection_c
-- Using all available rosidl_typesupport_cpp: rosidl_typesupport_fastrtps_cpp;rosidl_typesupport_introspection_cpp
-- Found rmw_implementation_cmake: 6.1.2 (/opt/ros/humble/share/rmw_implementation_cmake/cmake)
-- Found rmw_fastrtps_cpp: 6.2.9 (/opt/ros/humble/share/rmw_fastrtps_cpp/cmake)
-- Using RMW implementation 'rmw_fastrtps_cpp' as default
-- Found sensor_msgs: 4.9.0 (/opt/ros/humble/share/sensor_msgs/cmake)
-- Found cv_bridge: 3.2.1 (/opt/ros/humble/share/cv_bridge/cmake)
-- Found message_filters: 4.3.11 (/opt/ros/humble/share/message_filters/cmake)
-- Found nav_msgs: 4.9.0 (/opt/ros/humble/share/nav_msgs/cmake)
-- Found tf2_geometry_msgs: 0.25.16 (/opt/ros/humble/share/tf2_geometry_msgs/cmake)
-- Found eigen3_cmake_module: 0.1.1 (/opt/ros/humble/share/eigen3_cmake_module/cmake)
-- Found Eigen3: TRUE (found version "3.4.0") 
-- Ensuring Eigen3 include directory is part of orocos-kdl CMake target
-- Eigen found (include: /usr/include/eigen3, version: 3.4.0)
-- OpenNI found (version: 1.5.4.0, include: /usr/include/ni, lib: /usr/lib/libOpenNI.so;libusb::libusb)
-- OpenNI2 found (version: 2.2.0.33, include: /usr/include/openni2, lib: /usr/lib/x86_64-linux-gnu/libOpenNI2.so;libusb::libusb)
-- Found OpenGL: /usr/lib/x86_64-linux-gnu/libOpenGL.so  found components: OpenGL GLX 
-- Found Eigen3: /usr/include/eigen3 (found version "3.4.0") 
-- Eigen found (include: /usr/include/eigen3, version: 3.4.0)
-- FLANN found (include: /usr/include, lib: /usr/lib/x86_64-linux-gnu/libflann_cpp.so)
-- looking for PCL_COMMON
-- looking for PCL_OCTREE
-- looking for PCL_IO
-- looking for PCL_KDTREE
-- looking for PCL_SEARCH
-- looking for PCL_SAMPLE_CONSENSUS
-- looking for PCL_FILTERS
-- BUILD TYPE:Release
-- Compiling on Unix
-- Found Eigen3: TRUE (found suitable version "3.4.0", minimum required is "3.1.0") 
-- Configuring done
-- Generating done
-- Build files have been written to: /home/lx/catkin_ws/d435_slam_ros2/build/d435_slam_ros2
[35m[1mConsolidate compiler generated dependencies of target g2o[0m
[35m[1mConsolidate compiler generated dependencies of target d435_slam_ros2[0m
[ 50%] Built target g2o
[ 51%] [32mBuilding CXX object CMakeFiles/d435_slam_ros2.dir/src/System.cc.o[0m
[ 53%] [32m[1mLinking CXX shared library ../../lib/libd435_slam_ros2.so[0m
[ 96%] Built target d435_slam_ros2
[35m[1mConsolidate compiler generated dependencies of target d435_slam_node[0m
[ 98%] [32m[1mLinking CXX executable ../../lib/d435_slam_node[0m
[100%] Built target d435_slam_node
-- Install configuration: "Release"
-- Installing: /home/lx/catkin_ws/d435_slam_ros2/install/d435_slam_ros2/lib/d435_slam_ros2/d435_slam_node
-- Set runtime path of "/home/lx/catkin_ws/d435_slam_ros2/install/d435_slam_ros2/lib/d435_slam_ros2/d435_slam_node" to ""
-- Installing: /home/lx/catkin_ws/d435_slam_ros2/install/d435_slam_ros2/lib/libd435_slam_ros2.so
-- Set runtime path of "/home/lx/catkin_ws/d435_slam_ros2/install/d435_slam_ros2/lib/libd435_slam_ros2.so" to ""
-- Up-to-date: /home/lx/catkin_ws/d435_slam_ros2/install/d435_slam_ros2/include/d435_slam_ros2
-- Up-to-date: /home/lx/catkin_ws/d435_slam_ros2/install/d435_slam_ros2/include/d435_slam_ros2/CameraModels
-- Up-to-date: /home/lx/catkin_ws/d435_slam_ros2/install/d435_slam_ros2/include/d435_slam_ros2/CameraModels/GeometricCamera.h
-- Up-to-date: /home/lx/catkin_ws/d435_slam_ros2/install/d435_slam_ros2/include/d435_slam_ros2/CameraModels/KannalaBrandt8.h
-- Up-to-date: /home/lx/catkin_ws/d435_slam_ros2/install/d435_slam_ros2/include/d435_slam_ros2/CameraModels/Pinhole.h
-- Up-to-date: /home/lx/catkin_ws/d435_slam_ros2/install/d435_slam_ros2/include/d435_slam_ros2/Map.h
-- Up-to-date: /home/lx/catkin_ws/d435_slam_ros2/install/d435_slam_ros2/include/d435_slam_ros2/MapDrawer.h
-- Up-to-date: /home/lx/catkin_ws/d435_slam_ros2/install/d435_slam_ros2/include/d435_slam_ros2/LocalMapping.h
-- Up-to-date: /home/lx/catkin_ws/d435_slam_ros2/install/d435_slam_ros2/include/d435_slam_ros2/System.h
-- Up-to-date: /home/lx/catkin_ws/d435_slam_ros2/install/d435_slam_ros2/include/d435_slam_ros2/FrameDrawer.h
-- Up-to-date: /home/lx/catkin_ws/d435_slam_ros2/install/d435_slam_ros2/include/d435_slam_ros2/SerializationUtils.h
-- Up-to-date: /home/lx/catkin_ws/d435_slam_ros2/install/d435_slam_ros2/include/d435_slam_ros2/PnPsolver.h
-- Up-to-date: /home/lx/catkin_ws/d435_slam_ros2/install/d435_slam_ros2/include/d435_slam_ros2/ORBmatcher.h
-- Up-to-date: /home/lx/catkin_ws/d435_slam_ros2/install/d435_slam_ros2/include/d435_slam_ros2/G2oTypes.h
-- Up-to-date: /home/lx/catkin_ws/d435_slam_ros2/install/d435_slam_ros2/include/d435_slam_ros2/Atlas.h
-- Up-to-date: /home/lx/catkin_ws/d435_slam_ros2/install/d435_slam_ros2/include/d435_slam_ros2/ORBextractor.h
-- Up-to-date: /home/lx/catkin_ws/d435_slam_ros2/install/d435_slam_ros2/include/d435_slam_ros2/ORBVocabulary.h
-- Up-to-date: /home/lx/catkin_ws/d435_slam_ros2/install/d435_slam_ros2/include/d435_slam_ros2/OptimizableTypes.h
-- Up-to-date: /home/lx/catkin_ws/d435_slam_ros2/install/d435_slam_ros2/include/d435_slam_ros2/GeometricTools.h
-- Up-to-date: /home/lx/catkin_ws/d435_slam_ros2/install/d435_slam_ros2/include/d435_slam_ros2/LoopClosing.h
-- Up-to-date: /home/lx/catkin_ws/d435_slam_ros2/install/d435_slam_ros2/include/d435_slam_ros2/Optimizer.h
-- Up-to-date: /home/lx/catkin_ws/d435_slam_ros2/install/d435_slam_ros2/include/d435_slam_ros2/Config.h
-- Up-to-date: /home/lx/catkin_ws/d435_slam_ros2/install/d435_slam_ros2/include/d435_slam_ros2/ImuTypes.h
-- Up-to-date: /home/lx/catkin_ws/d435_slam_ros2/install/d435_slam_ros2/include/d435_slam_ros2/Sim3Solver.h
-- Up-to-date: /home/lx/catkin_ws/d435_slam_ros2/install/d435_slam_ros2/include/d435_slam_ros2/Tracking.h
-- Up-to-date: /home/lx/catkin_ws/d435_slam_ros2/install/d435_slam_ros2/include/d435_slam_ros2/KeyFrameDatabase.h
-- Up-to-date: /home/lx/catkin_ws/d435_slam_ros2/install/d435_slam_ros2/include/d435_slam_ros2/KeyFrame.h
-- Up-to-date: /home/lx/catkin_ws/d435_slam_ros2/install/d435_slam_ros2/include/d435_slam_ros2/TwoViewReconstruction.h
-- Up-to-date: /home/lx/catkin_ws/d435_slam_ros2/install/d435_slam_ros2/include/d435_slam_ros2/Converter.h
-- Up-to-date: /home/lx/catkin_ws/d435_slam_ros2/install/d435_slam_ros2/include/d435_slam_ros2/MapPoint.h
-- Up-to-date: /home/lx/catkin_ws/d435_slam_ros2/install/d435_slam_ros2/include/d435_slam_ros2/Settings.h
-- Up-to-date: /home/lx/catkin_ws/d435_slam_ros2/install/d435_slam_ros2/include/d435_slam_ros2/Frame.h
-- Up-to-date: /home/lx/catkin_ws/d435_slam_ros2/install/d435_slam_ros2/include/d435_slam_ros2/MLPnPsolver.h
-- Up-to-date: /home/lx/catkin_ws/d435_slam_ros2/install/d435_slam_ros2/include/d435_slam_ros2/Initializer.h
-- Up-to-date: /home/lx/catkin_ws/d435_slam_ros2/install/d435_slam_ros2/include/d435_slam_ros2/Viewer.h
-- Up-to-date: /home/lx/catkin_ws/d435_slam_ros2/install/d435_slam_ros2/share/ament_index/resource_index/package_run_dependencies/d435_slam_ros2
-- Up-to-date: /home/lx/catkin_ws/d435_slam_ros2/install/d435_slam_ros2/share/ament_index/resource_index/parent_prefix_path/d435_slam_ros2
-- Up-to-date: /home/lx/catkin_ws/d435_slam_ros2/install/d435_slam_ros2/share/d435_slam_ros2/environment/ament_prefix_path.sh
-- Installing: /home/lx/catkin_ws/d435_slam_ros2/install/d435_slam_ros2/share/d435_slam_ros2/environment/ament_prefix_path.dsv
-- Up-to-date: /home/lx/catkin_ws/d435_slam_ros2/install/d435_slam_ros2/share/d435_slam_ros2/environment/path.sh
-- Installing: /home/lx/catkin_ws/d435_slam_ros2/install/d435_slam_ros2/share/d435_slam_ros2/environment/path.dsv
-- Up-to-date: /home/lx/catkin_ws/d435_slam_ros2/install/d435_slam_ros2/share/d435_slam_ros2/local_setup.bash
-- Up-to-date: /home/lx/catkin_ws/d435_slam_ros2/install/d435_slam_ros2/share/d435_slam_ros2/local_setup.sh
-- Up-to-date: /home/lx/catkin_ws/d435_slam_ros2/install/d435_slam_ros2/share/d435_slam_ros2/local_setup.zsh
-- Installing: /home/lx/catkin_ws/d435_slam_ros2/install/d435_slam_ros2/share/d435_slam_ros2/local_setup.dsv
-- Installing: /home/lx/catkin_ws/d435_slam_ros2/install/d435_slam_ros2/share/d435_slam_ros2/package.dsv
-- Up-to-date: /home/lx/catkin_ws/d435_slam_ros2/install/d435_slam_ros2/share/ament_index/resource_index/packages/d435_slam_ros2
-- Up-to-date: /home/lx/catkin_ws/d435_slam_ros2/install/d435_slam_ros2/share/d435_slam_ros2/cmake/d435_slam_ros2Config.cmake
-- Up-to-date: /home/lx/catkin_ws/d435_slam_ros2/install/d435_slam_ros2/share/d435_slam_ros2/cmake/d435_slam_ros2Config-version.cmake
-- Up-to-date: /home/lx/catkin_ws/d435_slam_ros2/install/d435_slam_ros2/share/d435_slam_ros2/package.xml
