[35m[1mConsolidate compiler generated dependencies of target g2o[0m
[35m[1mConsolidate compiler generated dependencies of target d435_slam_ros2[0m
[ 50%] Built target g2o
[ 96%] Built target d435_slam_ros2
[ 98%] [32mBuilding CXX object CMakeFiles/d435_slam_node.dir/ros2/main.cpp.o[0m
[100%] [32m[1mLinking CXX executable ../../lib/d435_slam_node[0m
[100%] Built target d435_slam_node
-- Install configuration: "Release"
-- Installing: /home/lx/catkin_ws/d435_slam_ros2/install/d435_slam_ros2/lib/d435_slam_ros2/d435_slam_node
-- Set runtime path of "/home/lx/catkin_ws/d435_slam_ros2/install/d435_slam_ros2/lib/d435_slam_ros2/d435_slam_node" to ""
-- Installing: /home/lx/catkin_ws/d435_slam_ros2/install/d435_slam_ros2/lib/libd435_slam_ros2.so
-- Set runtime path of "/home/lx/catkin_ws/d435_slam_ros2/install/d435_slam_ros2/lib/libd435_slam_ros2.so" to ""
-- Installing: /home/lx/catkin_ws/d435_slam_ros2/install/d435_slam_ros2/include/d435_slam_ros2
-- Installing: /home/lx/catkin_ws/d435_slam_ros2/install/d435_slam_ros2/include/d435_slam_ros2/CameraModels
-- Installing: /home/lx/catkin_ws/d435_slam_ros2/install/d435_slam_ros2/include/d435_slam_ros2/CameraModels/GeometricCamera.h
-- Installing: /home/lx/catkin_ws/d435_slam_ros2/install/d435_slam_ros2/include/d435_slam_ros2/CameraModels/KannalaBrandt8.h
-- Installing: /home/lx/catkin_ws/d435_slam_ros2/install/d435_slam_ros2/include/d435_slam_ros2/CameraModels/Pinhole.h
-- Installing: /home/lx/catkin_ws/d435_slam_ros2/install/d435_slam_ros2/include/d435_slam_ros2/Map.h
-- Installing: /home/lx/catkin_ws/d435_slam_ros2/install/d435_slam_ros2/include/d435_slam_ros2/MapDrawer.h
-- Installing: /home/lx/catkin_ws/d435_slam_ros2/install/d435_slam_ros2/include/d435_slam_ros2/LocalMapping.h
-- Installing: /home/lx/catkin_ws/d435_slam_ros2/install/d435_slam_ros2/include/d435_slam_ros2/System.h
-- Installing: /home/lx/catkin_ws/d435_slam_ros2/install/d435_slam_ros2/include/d435_slam_ros2/FrameDrawer.h
-- Installing: /home/lx/catkin_ws/d435_slam_ros2/install/d435_slam_ros2/include/d435_slam_ros2/SerializationUtils.h
-- Installing: /home/lx/catkin_ws/d435_slam_ros2/install/d435_slam_ros2/include/d435_slam_ros2/PnPsolver.h
-- Installing: /home/lx/catkin_ws/d435_slam_ros2/install/d435_slam_ros2/include/d435_slam_ros2/ORBmatcher.h
-- Installing: /home/lx/catkin_ws/d435_slam_ros2/install/d435_slam_ros2/include/d435_slam_ros2/G2oTypes.h
-- Installing: /home/lx/catkin_ws/d435_slam_ros2/install/d435_slam_ros2/include/d435_slam_ros2/Atlas.h
-- Installing: /home/lx/catkin_ws/d435_slam_ros2/install/d435_slam_ros2/include/d435_slam_ros2/ORBextractor.h
-- Installing: /home/lx/catkin_ws/d435_slam_ros2/install/d435_slam_ros2/include/d435_slam_ros2/ORBVocabulary.h
-- Installing: /home/lx/catkin_ws/d435_slam_ros2/install/d435_slam_ros2/include/d435_slam_ros2/OptimizableTypes.h
-- Installing: /home/lx/catkin_ws/d435_slam_ros2/install/d435_slam_ros2/include/d435_slam_ros2/GeometricTools.h
-- Installing: /home/lx/catkin_ws/d435_slam_ros2/install/d435_slam_ros2/include/d435_slam_ros2/LoopClosing.h
-- Installing: /home/lx/catkin_ws/d435_slam_ros2/install/d435_slam_ros2/include/d435_slam_ros2/Optimizer.h
-- Installing: /home/lx/catkin_ws/d435_slam_ros2/install/d435_slam_ros2/include/d435_slam_ros2/Config.h
-- Installing: /home/lx/catkin_ws/d435_slam_ros2/install/d435_slam_ros2/include/d435_slam_ros2/ImuTypes.h
-- Installing: /home/lx/catkin_ws/d435_slam_ros2/install/d435_slam_ros2/include/d435_slam_ros2/Sim3Solver.h
-- Installing: /home/lx/catkin_ws/d435_slam_ros2/install/d435_slam_ros2/include/d435_slam_ros2/Tracking.h
-- Installing: /home/lx/catkin_ws/d435_slam_ros2/install/d435_slam_ros2/include/d435_slam_ros2/KeyFrameDatabase.h
-- Installing: /home/lx/catkin_ws/d435_slam_ros2/install/d435_slam_ros2/include/d435_slam_ros2/KeyFrame.h
-- Installing: /home/lx/catkin_ws/d435_slam_ros2/install/d435_slam_ros2/include/d435_slam_ros2/TwoViewReconstruction.h
-- Installing: /home/lx/catkin_ws/d435_slam_ros2/install/d435_slam_ros2/include/d435_slam_ros2/Converter.h
-- Installing: /home/lx/catkin_ws/d435_slam_ros2/install/d435_slam_ros2/include/d435_slam_ros2/MapPoint.h
-- Installing: /home/lx/catkin_ws/d435_slam_ros2/install/d435_slam_ros2/include/d435_slam_ros2/Settings.h
-- Installing: /home/lx/catkin_ws/d435_slam_ros2/install/d435_slam_ros2/include/d435_slam_ros2/Frame.h
-- Installing: /home/lx/catkin_ws/d435_slam_ros2/install/d435_slam_ros2/include/d435_slam_ros2/MLPnPsolver.h
-- Installing: /home/lx/catkin_ws/d435_slam_ros2/install/d435_slam_ros2/include/d435_slam_ros2/Initializer.h
-- Installing: /home/lx/catkin_ws/d435_slam_ros2/install/d435_slam_ros2/include/d435_slam_ros2/Viewer.h
-- Installing: /home/lx/catkin_ws/d435_slam_ros2/install/d435_slam_ros2/share/ament_index/resource_index/package_run_dependencies/d435_slam_ros2
-- Installing: /home/lx/catkin_ws/d435_slam_ros2/install/d435_slam_ros2/share/ament_index/resource_index/parent_prefix_path/d435_slam_ros2
-- Installing: /home/lx/catkin_ws/d435_slam_ros2/install/d435_slam_ros2/share/d435_slam_ros2/environment/ament_prefix_path.sh
-- Installing: /home/lx/catkin_ws/d435_slam_ros2/install/d435_slam_ros2/share/d435_slam_ros2/environment/ament_prefix_path.dsv
-- Installing: /home/lx/catkin_ws/d435_slam_ros2/install/d435_slam_ros2/share/d435_slam_ros2/environment/path.sh
-- Installing: /home/lx/catkin_ws/d435_slam_ros2/install/d435_slam_ros2/share/d435_slam_ros2/environment/path.dsv
-- Installing: /home/lx/catkin_ws/d435_slam_ros2/install/d435_slam_ros2/share/d435_slam_ros2/local_setup.bash
-- Installing: /home/lx/catkin_ws/d435_slam_ros2/install/d435_slam_ros2/share/d435_slam_ros2/local_setup.sh
-- Installing: /home/lx/catkin_ws/d435_slam_ros2/install/d435_slam_ros2/share/d435_slam_ros2/local_setup.zsh
-- Installing: /home/lx/catkin_ws/d435_slam_ros2/install/d435_slam_ros2/share/d435_slam_ros2/local_setup.dsv
-- Installing: /home/lx/catkin_ws/d435_slam_ros2/install/d435_slam_ros2/share/d435_slam_ros2/package.dsv
-- Installing: /home/lx/catkin_ws/d435_slam_ros2/install/d435_slam_ros2/share/ament_index/resource_index/packages/d435_slam_ros2
-- Installing: /home/lx/catkin_ws/d435_slam_ros2/install/d435_slam_ros2/share/d435_slam_ros2/cmake/d435_slam_ros2Config.cmake
-- Installing: /home/lx/catkin_ws/d435_slam_ros2/install/d435_slam_ros2/share/d435_slam_ros2/cmake/d435_slam_ros2Config-version.cmake
-- Installing: /home/lx/catkin_ws/d435_slam_ros2/install/d435_slam_ros2/share/d435_slam_ros2/package.xml
