-- Using flag -std=c++17.
-- Found OpenGL: /usr/lib/x86_64-linux-gnu/libOpenGL.so  found components: OpenGL 
-- Found OpenGL: /usr/lib/x86_64-linux-gnu/libOpenGL.so   
-- Found ament_cmake: 1.3.12 (/opt/ros/humble/share/ament_cmake/cmake)
-- Found rclcpp: 16.0.15 (/opt/ros/humble/share/rclcpp/cmake)
-- Found rosidl_generator_c: 3.1.7 (/opt/ros/humble/share/rosidl_generator_c/cmake)
-- Found rosidl_adapter: 3.1.7 (/opt/ros/humble/share/rosidl_adapter/cmake)
-- Found rosidl_generator_cpp: 3.1.7 (/opt/ros/humble/share/rosidl_generator_cpp/cmake)
-- Using all available rosidl_typesupport_c: rosidl_typesupport_fastrtps_c;rosidl_typesupport_introspection_c
-- Using all available rosidl_typesupport_cpp: rosidl_typesupport_fastrtps_cpp;rosidl_typesupport_introspection_cpp
-- Found rmw_implementation_cmake: 6.1.2 (/opt/ros/humble/share/rmw_implementation_cmake/cmake)
-- Found rmw_fastrtps_cpp: 6.2.9 (/opt/ros/humble/share/rmw_fastrtps_cpp/cmake)
-- Using RMW implementation 'rmw_fastrtps_cpp' as default
-- Found sensor_msgs: 4.9.0 (/opt/ros/humble/share/sensor_msgs/cmake)
-- Found cv_bridge: 3.2.1 (/opt/ros/humble/share/cv_bridge/cmake)
-- Found message_filters: 4.3.11 (/opt/ros/humble/share/message_filters/cmake)
-- Found nav_msgs: 4.9.0 (/opt/ros/humble/share/nav_msgs/cmake)
-- Found tf2_geometry_msgs: 0.25.16 (/opt/ros/humble/share/tf2_geometry_msgs/cmake)
-- Found eigen3_cmake_module: 0.1.1 (/opt/ros/humble/share/eigen3_cmake_module/cmake)
-- Found Eigen3: TRUE (found version "3.4.0") 
-- Ensuring Eigen3 include directory is part of orocos-kdl CMake target
-- Eigen found (include: /usr/include/eigen3, version: 3.4.0)
-- OpenNI found (version: 1.5.4.0, include: /usr/include/ni, lib: /usr/lib/libOpenNI.so;libusb::libusb)
-- OpenNI2 found (version: 2.2.0.33, include: /usr/include/openni2, lib: /usr/lib/x86_64-linux-gnu/libOpenNI2.so;libusb::libusb)
-- Found OpenGL: /usr/lib/x86_64-linux-gnu/libOpenGL.so  found components: OpenGL GLX 
-- Found Eigen3: /usr/include/eigen3 (found version "3.4.0") 
-- Eigen found (include: /usr/include/eigen3, version: 3.4.0)
-- FLANN found (include: /usr/include, lib: /usr/lib/x86_64-linux-gnu/libflann_cpp.so)
-- looking for PCL_COMMON
-- looking for PCL_OCTREE
-- looking for PCL_IO
-- looking for PCL_KDTREE
-- looking for PCL_SEARCH
-- looking for PCL_SAMPLE_CONSENSUS
-- looking for PCL_FILTERS
-- BUILD TYPE:Release
-- Compiling on Unix
-- Found Eigen3: TRUE (found suitable version "3.4.0", minimum required is "3.1.0") 
-- Configuring done
-- Generating done
-- Build files have been written to: /home/lx/catkin_ws/d435_slam_ros2/build/d435_slam_ros2
[35m[1mConsolidate compiler generated dependencies of target g2o[0m
[35m[1mConsolidate compiler generated dependencies of target d435_slam_ros2[0m
[  1%] [32mBuilding CXX object Thirdparty/g2o/CMakeFiles/g2o.dir/g2o/types/types_sba.cpp.o[0m
[  3%] [32mBuilding CXX object Thirdparty/g2o/CMakeFiles/g2o.dir/g2o/types/types_six_dof_expmap.cpp.o[0m
[  4%] [32mBuilding CXX object Thirdparty/g2o/CMakeFiles/g2o.dir/g2o/types/types_seven_dof_expmap.cpp.o[0m
[  8%] [32mBuilding CXX object Thirdparty/g2o/CMakeFiles/g2o.dir/g2o/core/hyper_graph_action.cpp.o[0m
[  8%] [32mBuilding CXX object Thirdparty/g2o/CMakeFiles/g2o.dir/g2o/core/hyper_graph.cpp.o[0m
[  9%] [32mBuilding CXX object Thirdparty/g2o/CMakeFiles/g2o.dir/g2o/core/marginal_covariance_cholesky.cpp.o[0m
[ 11%] [32mBuilding CXX object Thirdparty/g2o/CMakeFiles/g2o.dir/g2o/core/matrix_structure.cpp.o[0m
[ 14%] [32mBuilding CXX object Thirdparty/g2o/CMakeFiles/g2o.dir/g2o/core/batch_stats.cpp.o[0m
[ 14%] [32mBuilding CXX object Thirdparty/g2o/CMakeFiles/g2o.dir/g2o/core/parameter.cpp.o[0m
[ 16%] [32mBuilding CXX object Thirdparty/g2o/CMakeFiles/g2o.dir/g2o/core/cache.cpp.o[0m
[ 17%] [32mBuilding CXX object Thirdparty/g2o/CMakeFiles/g2o.dir/g2o/core/solver.cpp.o[0m
[ 19%] [32mBuilding CXX object Thirdparty/g2o/CMakeFiles/g2o.dir/g2o/core/optimizable_graph.cpp.o[0m
[ 22%] [32mBuilding CXX object Thirdparty/g2o/CMakeFiles/g2o.dir/g2o/core/estimate_propagator.cpp.o[0m
[ 22%] [32mBuilding CXX object Thirdparty/g2o/CMakeFiles/g2o.dir/g2o/core/optimization_algorithm_factory.cpp.o[0m
[ 24%] [32mBuilding CXX object Thirdparty/g2o/CMakeFiles/g2o.dir/g2o/core/factory.cpp.o[0m
[ 27%] [32mBuilding CXX object Thirdparty/g2o/CMakeFiles/g2o.dir/g2o/core/sparse_optimizer.cpp.o[0m
[ 27%] [32mBuilding CXX object Thirdparty/g2o/CMakeFiles/g2o.dir/g2o/core/hyper_dijkstra.cpp.o[0m
[ 29%] [32mBuilding CXX object Thirdparty/g2o/CMakeFiles/g2o.dir/g2o/core/parameter_container.cpp.o[0m
[ 30%] [32mBuilding CXX object Thirdparty/g2o/CMakeFiles/g2o.dir/g2o/core/optimization_algorithm.cpp.o[0m
[ 32%] [32mBuilding CXX object Thirdparty/g2o/CMakeFiles/g2o.dir/g2o/core/optimization_algorithm_levenberg.cpp.o[0m
[ 33%] [32mBuilding CXX object Thirdparty/g2o/CMakeFiles/g2o.dir/g2o/core/optimization_algorithm_with_hessian.cpp.o[0m
[ 35%] [32mBuilding CXX object Thirdparty/g2o/CMakeFiles/g2o.dir/g2o/core/optimization_algorithm_gauss_newton.cpp.o[0m
[ 37%] [32mBuilding CXX object Thirdparty/g2o/CMakeFiles/g2o.dir/g2o/core/jacobian_workspace.cpp.o[0m
[ 38%] [32mBuilding CXX object Thirdparty/g2o/CMakeFiles/g2o.dir/g2o/core/robust_kernel.cpp.o[0m
[ 40%] [32mBuilding CXX object Thirdparty/g2o/CMakeFiles/g2o.dir/g2o/core/robust_kernel_factory.cpp.o[0m
[ 41%] [32mBuilding CXX object Thirdparty/g2o/CMakeFiles/g2o.dir/g2o/stuff/timeutil.cpp.o[0m
[ 45%] [32mBuilding CXX object Thirdparty/g2o/CMakeFiles/g2o.dir/g2o/core/robust_kernel_impl.cpp.o[0m
[ 45%] [32mBuilding C object Thirdparty/g2o/CMakeFiles/g2o.dir/g2o/stuff/os_specific.c.o[0m
[ 46%] [32mBuilding CXX object Thirdparty/g2o/CMakeFiles/g2o.dir/g2o/stuff/string_tools.cpp.o[0m
[ 48%] [32mBuilding CXX object Thirdparty/g2o/CMakeFiles/g2o.dir/g2o/stuff/property.cpp.o[0m
[ 50%] [32mBuilding CXX object CMakeFiles/d435_slam_ros2.dir/src/System.cc.o[0m
[ 51%] [32mBuilding CXX object CMakeFiles/d435_slam_ros2.dir/src/Tracking.cc.o[0m
[ 53%] [32mBuilding CXX object CMakeFiles/d435_slam_ros2.dir/src/LocalMapping.cc.o[0m
[ 54%] [32mBuilding CXX object CMakeFiles/d435_slam_ros2.dir/src/LoopClosing.cc.o[0m
[ 56%] [32mBuilding CXX object CMakeFiles/d435_slam_ros2.dir/src/ORBextractor.cc.o[0m
[ 58%] [32mBuilding CXX object CMakeFiles/d435_slam_ros2.dir/src/ORBmatcher.cc.o[0m
[ 59%] [32mBuilding CXX object CMakeFiles/d435_slam_ros2.dir/src/FrameDrawer.cc.o[0m
[ 61%] [32mBuilding CXX object CMakeFiles/d435_slam_ros2.dir/src/Converter.cc.o[0m
[ 62%] [32mBuilding CXX object CMakeFiles/d435_slam_ros2.dir/src/MapPoint.cc.o[0m
[ 64%] [32mBuilding CXX object CMakeFiles/d435_slam_ros2.dir/src/KeyFrame.cc.o[0m
[ 66%] [32mBuilding CXX object CMakeFiles/d435_slam_ros2.dir/src/Atlas.cc.o[0m
[ 67%] [32mBuilding CXX object CMakeFiles/d435_slam_ros2.dir/src/Map.cc.o[0m
[ 69%] [32mBuilding CXX object CMakeFiles/d435_slam_ros2.dir/src/MapDrawer.cc.o[0m
[ 70%] [32mBuilding CXX object CMakeFiles/d435_slam_ros2.dir/src/Optimizer.cc.o[0m
[ 72%] [32mBuilding CXX object CMakeFiles/d435_slam_ros2.dir/src/Frame.cc.o[0m
[ 74%] [32mBuilding CXX object CMakeFiles/d435_slam_ros2.dir/src/KeyFrameDatabase.cc.o[0m
[ 75%] [32mBuilding CXX object CMakeFiles/d435_slam_ros2.dir/src/Sim3Solver.cc.o[0m
[ 77%] [32mBuilding CXX object CMakeFiles/d435_slam_ros2.dir/src/Viewer.cc.o[0m
[ 79%] [32mBuilding CXX object CMakeFiles/d435_slam_ros2.dir/src/ImuTypes.cc.o[0m
[ 80%] [32mBuilding CXX object CMakeFiles/d435_slam_ros2.dir/src/G2oTypes.cc.o[0m
[ 82%] [32mBuilding CXX object CMakeFiles/d435_slam_ros2.dir/src/CameraModels/Pinhole.cpp.o[0m
[ 83%] [32mBuilding CXX object CMakeFiles/d435_slam_ros2.dir/src/CameraModels/KannalaBrandt8.cpp.o[0m
[ 85%] [32mBuilding CXX object CMakeFiles/d435_slam_ros2.dir/src/OptimizableTypes.cpp.o[0m
[ 87%] [32mBuilding CXX object CMakeFiles/d435_slam_ros2.dir/src/MLPnPsolver.cpp.o[0m
[ 88%] [32mBuilding CXX object CMakeFiles/d435_slam_ros2.dir/src/GeometricTools.cc.o[0m
[ 90%] [32mBuilding CXX object CMakeFiles/d435_slam_ros2.dir/src/TwoViewReconstruction.cc.o[0m
[ 91%] [32mBuilding CXX object CMakeFiles/d435_slam_ros2.dir/src/Config.cc.o[0m
[ 93%] [32mBuilding CXX object CMakeFiles/d435_slam_ros2.dir/src/Settings.cc.o[0m
[ 95%] [32m[1mLinking CXX shared library ../../../../Thirdparty/g2o/lib/libg2o.so[0m
[ 95%] Built target g2o
